  ArchivoPagos.cpp
  ArchivoReclamos.cpp
  ArchivoSocios.cpp
  Asistencia.cpp
  Empleado.cpp
  Fecha.cpp
  MenuPrincipal.cpp
D:\flacorandom\Desktop\UTN\segundo_cuatri\programacion2\gym\gym\gym_sist\Fecha.cpp(80,12): error C2511: 'int Fecha::diasPorMes(void)': overloaded member function not found in 'Fecha'
  D:\flacorandom\Desktop\UTN\segundo_cuatri\programacion2\gym\gym\gym_sist\Fecha.h(4,7):
  see declaration of 'Fecha'
  
  Pago.cpp
  Reclamo.cpp
  ServicioPago.cpp
D:\flacorandom\Desktop\UTN\segundo_cuatri\programacion2\gym\gym\gym_sist\ServicioPago.cpp(178,20): error C2084: function 'void ServicioPago::verPago(int)' already has a body
  D:\flacorandom\Desktop\UTN\segundo_cuatri\programacion2\gym\gym\gym_sist\ServicioPago.cpp(134,20):
  see previous definition of 'verPago'
  
  ServicioReclamo.cpp
  ServicioSocio.cpp
D:\flacorandom\Desktop\UTN\segundo_cuatri\programacion2\gym\gym\gym_sist\ServicioSocio.cpp(249,40): error C2039: 'getMembresia': is not a member of 'Socio'
  D:\flacorandom\Desktop\UTN\segundo_cuatri\programacion2\gym\gym\gym_sist\Socio.h(4,7):
  see declaration of 'Socio'
  
D:\flacorandom\Desktop\UTN\segundo_cuatri\programacion2\gym\gym\gym_sist\ServicioSocio.cpp(305,38): error C2039: 'getMembresia': is not a member of 'Socio'
  D:\flacorandom\Desktop\UTN\segundo_cuatri\programacion2\gym\gym\gym_sist\Socio.h(4,7):
  see declaration of 'Socio'
  
D:\flacorandom\Desktop\UTN\segundo_cuatri\programacion2\gym\gym\gym_sist\ServicioSocio.cpp(437,26): error C2039: 'getMembresia': is not a member of 'Socio'
  D:\flacorandom\Desktop\UTN\segundo_cuatri\programacion2\gym\gym\gym_sist\Socio.h(4,7):
  see declaration of 'Socio'
  
D:\flacorandom\Desktop\UTN\segundo_cuatri\programacion2\gym\gym\gym_sist\ServicioSocio.cpp(438,11): error C2039: 'setMembresia': is not a member of 'Socio'
  D:\flacorandom\Desktop\UTN\segundo_cuatri\programacion2\gym\gym\gym_sist\Socio.h(4,7):
  see declaration of 'Socio'
  
D:\flacorandom\Desktop\UTN\segundo_cuatri\programacion2\gym\gym\gym_sist\ServicioSocio.cpp(702,60): error C2039: 'getMembresia': is not a member of 'Socio'
  D:\flacorandom\Desktop\UTN\segundo_cuatri\programacion2\gym\gym\gym_sist\Socio.h(4,7):
  see declaration of 'Socio'
  
  Socio.cpp
  Usuario.cpp
  UsuarioAutenticado.cpp
  gym_sist.cpp
  Generating Code...
