c:\users\rndm\desktop\practicas\gym\gym_sist\x64\debug\vc143.pdb
c:\users\rndm\desktop\practicas\gym\gym_sist\x64\debug\vc143.idb
c:\users\rndm\desktop\practicas\gym\gym_sist\x64\debug\usuarioautenticado.obj
c:\users\rndm\desktop\practicas\gym\gym_sist\x64\debug\usuario.obj
c:\users\rndm\desktop\practicas\gym\gym_sist\x64\debug\socio.obj
c:\users\rndm\desktop\practicas\gym\gym_sist\x64\debug\serviciosocio.obj
c:\users\rndm\desktop\practicas\gym\gym_sist\x64\debug\servicioreclamo.obj
c:\users\rndm\desktop\practicas\gym\gym_sist\x64\debug\serviciopago.obj
c:\users\rndm\desktop\practicas\gym\gym_sist\x64\debug\rutina.obj
c:\users\rndm\desktop\practicas\gym\gym_sist\x64\debug\reclamo.obj
c:\users\rndm\desktop\practicas\gym\gym_sist\x64\debug\pago.obj
c:\users\rndm\desktop\practicas\gym\gym_sist\x64\debug\gym_sist.obj
c:\users\rndm\desktop\practicas\gym\gym_sist\x64\debug\fecha.obj
c:\users\rndm\desktop\practicas\gym\gym_sist\x64\debug\empleado.obj
c:\users\rndm\desktop\practicas\gym\gym_sist\x64\debug\ejercicio.obj
c:\users\rndm\desktop\practicas\gym\gym_sist\x64\debug\autenticador.obj
c:\users\rndm\desktop\practicas\gym\gym_sist\x64\debug\asistencia.obj
c:\users\rndm\desktop\practicas\gym\gym_sist\x64\debug\archivosocios.obj
c:\users\rndm\desktop\practicas\gym\gym_sist\x64\debug\archivoreclamos.obj
c:\users\rndm\desktop\practicas\gym\gym_sist\x64\debug\archivopagos.obj
c:\users\rndm\desktop\practicas\gym\gym_sist\x64\debug\actividad.obj
c:\users\rndm\desktop\practicas\gym\x64\debug\gym_sist.exe
c:\users\rndm\desktop\practicas\gym\gym_sist\x64\debug\gym_sist.ilk
c:\users\rndm\desktop\practicas\gym\x64\debug\gym_sist.pdb
c:\users\rndm\desktop\practicas\gym\gym_sist\x64\debug\gym_sist.tlog\cl.command.1.tlog
c:\users\rndm\desktop\practicas\gym\gym_sist\x64\debug\gym_sist.tlog\cl.items.tlog
c:\users\rndm\desktop\practicas\gym\gym_sist\x64\debug\gym_sist.tlog\cl.read.1.tlog
c:\users\rndm\desktop\practicas\gym\gym_sist\x64\debug\gym_sist.tlog\cl.write.1.tlog
c:\users\rndm\desktop\practicas\gym\gym_sist\x64\debug\gym_sist.tlog\link.command.1.tlog
c:\users\rndm\desktop\practicas\gym\gym_sist\x64\debug\gym_sist.tlog\link.read.1.tlog
c:\users\rndm\desktop\practicas\gym\gym_sist\x64\debug\gym_sist.tlog\link.write.1.tlog
